<html>
<head>
<title>TestNG:  BankingApp Test on Safari</title>
<link href="../testng.css" rel="stylesheet" type="text/css" />
<link href="../my-testng.css" rel="stylesheet" type="text/css" />

<style type="text/css">
.log { display: none;} 
.stack-trace { display: none;} 
</style>
<script type="text/javascript">
<!--
function flip(e) {
  current = e.style.display;
  if (current == 'block') {
    e.style.display = 'none';
    return 0;
  }
  else {
    e.style.display = 'block';
    return 1;
  }
}

function toggleBox(szDivId, elem, msg1, msg2)
{
  var res = -1;  if (document.getElementById) {
    res = flip(document.getElementById(szDivId));
  }
  else if (document.all) {
    // this is the way old msie versions work
    res = flip(document.all[szDivId]);
  }
  if(elem) {
    if(res == 0) elem.innerHTML = msg1; else elem.innerHTML = msg2;
  }

}

function toggleAllBoxes() {
  if (document.getElementsByTagName) {
    d = document.getElementsByTagName('div');
    for (i = 0; i < d.length; i++) {
      if (d[i].className == 'log') {
        flip(d[i]);
      }
    }
  }
}

// -->
</script>

</head>
<body>
<h2 align='center'>BankingApp Test on Safari</h2><table border='1' align="center">
<tr>
<td>Tests passed/Failed/Skipped:</td><td>0/0/5</td>
</tr><tr>
<td>Started on:</td><td>Sat Apr 13 22:01:34 IST 2024</td>
</tr>
<tr><td>Total time:</td><td>0 seconds (506 ms)</td>
</tr><tr>
<td>Included groups:</td><td></td>
</tr><tr>
<td>Excluded groups:</td><td></td>
</tr>
</table><p/>
<small><i>(Hover the method name to see the test class name)</i></small><p/>
<table width='100%' border='1' class='invocation-failed'>
<tr><td colspan='4' align='center'><b>FAILED CONFIGURATIONS</b></td></tr>
<tr><td><b>Test method</b></td>
<td width="30%"><b>Exception</b></td>
<td width="10%"><b>Time (seconds)</b></td>
<td><b>Instance</b></td>
</tr>
<tr>
<td title='com.guru99Bank.testCases.LoginTest_TC002DDT.setUp()'><b>setUp</b><br>Test class: com.guru99Bank.testCases.LoginTest_TC002DDT<br>Parameters: Safari</td>
<td><div><pre>org.openqa.selenium.remote.NoSuchDriverException: Unable to obtain: Capabilities {browserName: safari}, error Command failed with code: 65, executed: [--browser, safari, --language-binding, java, --output, json]
safaridriver not available for download
Build info: version: &apos;4.19.1&apos;, revision: &apos;abe0ee07dc&apos;
System info: os.name: &apos;Windows 10&apos;, os.arch: &apos;amd64&apos;, os.version: &apos;10.0&apos;, java.version: &apos;17.0.1&apos;
Driver info: driver.version: SafariDriver
	at org.openqa.selenium.remote.service.DriverFinder.getPath(DriverFinder.java:48)
	at org.openqa.selenium.remote.service.DriverFinder.getPath(DriverFinder.java:33)
	at org.openqa.selenium.safari.SafariDriver.generateExecutor(SafariDriver.java:95)
	at org.openqa.selenium.safari.SafariDriver.&lt;init&gt;(SafariDriver.java:84)
	at org.openqa.selenium.safari.SafariDriver.&lt;init&gt;(SafariDriver.java:80)
	at org.openqa.selenium.safari.SafariDriver.&lt;init&gt;(SafariDriver.java:57)
	at org.openqa.selenium.safari.SafariDriver.&lt;init&gt;(SafariDriver.java:48)
	at com.guru99Bank.testCases.BaseClass.setUp(BaseClass.java:56)
	at java.base/java.util.ArrayList.forEach(ArrayList.java:1511)
	at java.base/java.util.concurrent.FutureTask.run(FutureTask.java:264)
	at java.base/java.util.concurrent.ThreadPoolExecutor.runWorker(ThreadPoolExecutor.java:1136)
	at java.base/java.util.concurrent.ThreadPoolExecutor$Worker.run(ThreadPoolExecutor.java:635)
	at java.base/java.lang.Thread.run(Thread.java:833)
Caused by: org.openqa.selenium.WebDriverException: Command failed with code: 65, executed: [--browser, safari, --language-binding, java, --output, json]
safaridriver not available for download
Build info: version: &apos;4.19.1&apos;, revision: &apos;abe0ee07dc&apos;
System info: os.name: &apos;Windows 10&apos;, os.arch: &apos;amd64&apos;, os.version: &apos;10.0&apos;, java.version: &apos;17.0.1&apos;
Driver info: driver.version: SafariDriver
	at org.openqa.selenium.manager.SeleniumManager.runCommand(SeleniumManager.java:159)
	at org.openqa.selenium.manager.SeleniumManager.getDriverPath(SeleniumManager.java:303)
	at org.openqa.selenium.remote.service.DriverFinder.getPath(DriverFinder.java:45)
	... 28 more
... Removed 16 stack frames</pre></div><a href='#' onClick='toggleBox("stack-trace2076011848", this, "Click to show all stack frames", "Click to hide stack frames")'>Click to show all stack frames</a>
<div class='stack-trace' id='stack-trace2076011848'><pre>org.openqa.selenium.remote.NoSuchDriverException: Unable to obtain: Capabilities {browserName: safari}, error Command failed with code: 65, executed: [--browser, safari, --language-binding, java, --output, json]
safaridriver not available for download
Build info: version: &apos;4.19.1&apos;, revision: &apos;abe0ee07dc&apos;
System info: os.name: &apos;Windows 10&apos;, os.arch: &apos;amd64&apos;, os.version: &apos;10.0&apos;, java.version: &apos;17.0.1&apos;
Driver info: driver.version: SafariDriver
	at org.openqa.selenium.remote.service.DriverFinder.getPath(DriverFinder.java:48)
	at org.openqa.selenium.remote.service.DriverFinder.getPath(DriverFinder.java:33)
	at org.openqa.selenium.safari.SafariDriver.generateExecutor(SafariDriver.java:95)
	at org.openqa.selenium.safari.SafariDriver.&lt;init&gt;(SafariDriver.java:84)
	at org.openqa.selenium.safari.SafariDriver.&lt;init&gt;(SafariDriver.java:80)
	at org.openqa.selenium.safari.SafariDriver.&lt;init&gt;(SafariDriver.java:57)
	at org.openqa.selenium.safari.SafariDriver.&lt;init&gt;(SafariDriver.java:48)
	at com.guru99Bank.testCases.BaseClass.setUp(BaseClass.java:56)
	at java.base/jdk.internal.reflect.NativeMethodAccessorImpl.invoke0(Native Method)
	at java.base/jdk.internal.reflect.NativeMethodAccessorImpl.invoke(NativeMethodAccessorImpl.java:77)
	at java.base/jdk.internal.reflect.DelegatingMethodAccessorImpl.invoke(DelegatingMethodAccessorImpl.java:43)
	at java.base/java.lang.reflect.Method.invoke(Method.java:568)
	at org.testng.internal.MethodInvocationHelper.invokeMethod(MethodInvocationHelper.java:133)
	at org.testng.internal.MethodInvocationHelper.invokeMethodConsideringTimeout(MethodInvocationHelper.java:62)
	at org.testng.internal.ConfigInvoker.invokeConfigurationMethod(ConfigInvoker.java:385)
	at org.testng.internal.ConfigInvoker.invokeConfigurations(ConfigInvoker.java:321)
	at org.testng.internal.TestMethodWorker.invokeBeforeClassMethods(TestMethodWorker.java:176)
	at org.testng.internal.TestMethodWorker.run(TestMethodWorker.java:122)
	at java.base/java.util.ArrayList.forEach(ArrayList.java:1511)
	at org.testng.TestRunner.privateRun(TestRunner.java:794)
	at org.testng.TestRunner.run(TestRunner.java:596)
	at org.testng.SuiteRunner.runTest(SuiteRunner.java:377)
	at org.testng.SuiteRunner.access$000(SuiteRunner.java:28)
	at org.testng.SuiteRunner$SuiteWorker.run(SuiteRunner.java:418)
	at org.testng.internal.thread.ThreadUtil.lambda$execute$0(ThreadUtil.java:64)
	at java.base/java.util.concurrent.FutureTask.run(FutureTask.java:264)
	at java.base/java.util.concurrent.ThreadPoolExecutor.runWorker(ThreadPoolExecutor.java:1136)
	at java.base/java.util.concurrent.ThreadPoolExecutor$Worker.run(ThreadPoolExecutor.java:635)
	at java.base/java.lang.Thread.run(Thread.java:833)
Caused by: org.openqa.selenium.WebDriverException: Command failed with code: 65, executed: [--browser, safari, --language-binding, java, --output, json]
safaridriver not available for download
Build info: version: &apos;4.19.1&apos;, revision: &apos;abe0ee07dc&apos;
System info: os.name: &apos;Windows 10&apos;, os.arch: &apos;amd64&apos;, os.version: &apos;10.0&apos;, java.version: &apos;17.0.1&apos;
Driver info: driver.version: SafariDriver
	at org.openqa.selenium.manager.SeleniumManager.runCommand(SeleniumManager.java:159)
	at org.openqa.selenium.manager.SeleniumManager.getDriverPath(SeleniumManager.java:303)
	at org.openqa.selenium.remote.service.DriverFinder.getPath(DriverFinder.java:45)
	... 28 more
</pre></div></td>
<td>0</td>
<td>com.guru99Bank.testCases.LoginTest_TC002DDT@2d52216b</td></tr>
<tr>
<td title='com.guru99Bank.testCases.LoginTest_TC001.setUp()'><b>setUp</b><br>Test class: com.guru99Bank.testCases.LoginTest_TC001<br>Parameters: Safari</td>
<td><div><pre>org.openqa.selenium.remote.NoSuchDriverException: Unable to obtain: Capabilities {browserName: safari}, error Command failed with code: 65, executed: [--browser, safari, --language-binding, java, --output, json]
safaridriver not available for download
Build info: version: &apos;4.19.1&apos;, revision: &apos;abe0ee07dc&apos;
System info: os.name: &apos;Windows 10&apos;, os.arch: &apos;amd64&apos;, os.version: &apos;10.0&apos;, java.version: &apos;17.0.1&apos;
Driver info: driver.version: SafariDriver
	at org.openqa.selenium.remote.service.DriverFinder.getPath(DriverFinder.java:48)
	at org.openqa.selenium.remote.service.DriverFinder.getPath(DriverFinder.java:33)
	at org.openqa.selenium.safari.SafariDriver.generateExecutor(SafariDriver.java:95)
	at org.openqa.selenium.safari.SafariDriver.&lt;init&gt;(SafariDriver.java:84)
	at org.openqa.selenium.safari.SafariDriver.&lt;init&gt;(SafariDriver.java:80)
	at org.openqa.selenium.safari.SafariDriver.&lt;init&gt;(SafariDriver.java:57)
	at org.openqa.selenium.safari.SafariDriver.&lt;init&gt;(SafariDriver.java:48)
	at com.guru99Bank.testCases.BaseClass.setUp(BaseClass.java:56)
	at java.base/java.util.ArrayList.forEach(ArrayList.java:1511)
	at java.base/java.util.concurrent.FutureTask.run(FutureTask.java:264)
	at java.base/java.util.concurrent.ThreadPoolExecutor.runWorker(ThreadPoolExecutor.java:1136)
	at java.base/java.util.concurrent.ThreadPoolExecutor$Worker.run(ThreadPoolExecutor.java:635)
	at java.base/java.lang.Thread.run(Thread.java:833)
Caused by: org.openqa.selenium.WebDriverException: Command failed with code: 65, executed: [--browser, safari, --language-binding, java, --output, json]
safaridriver not available for download
Build info: version: &apos;4.19.1&apos;, revision: &apos;abe0ee07dc&apos;
System info: os.name: &apos;Windows 10&apos;, os.arch: &apos;amd64&apos;, os.version: &apos;10.0&apos;, java.version: &apos;17.0.1&apos;
Driver info: driver.version: SafariDriver
	at org.openqa.selenium.manager.SeleniumManager.runCommand(SeleniumManager.java:159)
	at org.openqa.selenium.manager.SeleniumManager.getDriverPath(SeleniumManager.java:303)
	at org.openqa.selenium.remote.service.DriverFinder.getPath(DriverFinder.java:45)
	... 28 more
... Removed 16 stack frames</pre></div><a href='#' onClick='toggleBox("stack-trace1165520001", this, "Click to show all stack frames", "Click to hide stack frames")'>Click to show all stack frames</a>
<div class='stack-trace' id='stack-trace1165520001'><pre>org.openqa.selenium.remote.NoSuchDriverException: Unable to obtain: Capabilities {browserName: safari}, error Command failed with code: 65, executed: [--browser, safari, --language-binding, java, --output, json]
safaridriver not available for download
Build info: version: &apos;4.19.1&apos;, revision: &apos;abe0ee07dc&apos;
System info: os.name: &apos;Windows 10&apos;, os.arch: &apos;amd64&apos;, os.version: &apos;10.0&apos;, java.version: &apos;17.0.1&apos;
Driver info: driver.version: SafariDriver
	at org.openqa.selenium.remote.service.DriverFinder.getPath(DriverFinder.java:48)
	at org.openqa.selenium.remote.service.DriverFinder.getPath(DriverFinder.java:33)
	at org.openqa.selenium.safari.SafariDriver.generateExecutor(SafariDriver.java:95)
	at org.openqa.selenium.safari.SafariDriver.&lt;init&gt;(SafariDriver.java:84)
	at org.openqa.selenium.safari.SafariDriver.&lt;init&gt;(SafariDriver.java:80)
	at org.openqa.selenium.safari.SafariDriver.&lt;init&gt;(SafariDriver.java:57)
	at org.openqa.selenium.safari.SafariDriver.&lt;init&gt;(SafariDriver.java:48)
	at com.guru99Bank.testCases.BaseClass.setUp(BaseClass.java:56)
	at java.base/jdk.internal.reflect.NativeMethodAccessorImpl.invoke0(Native Method)
	at java.base/jdk.internal.reflect.NativeMethodAccessorImpl.invoke(NativeMethodAccessorImpl.java:77)
	at java.base/jdk.internal.reflect.DelegatingMethodAccessorImpl.invoke(DelegatingMethodAccessorImpl.java:43)
	at java.base/java.lang.reflect.Method.invoke(Method.java:568)
	at org.testng.internal.MethodInvocationHelper.invokeMethod(MethodInvocationHelper.java:133)
	at org.testng.internal.MethodInvocationHelper.invokeMethodConsideringTimeout(MethodInvocationHelper.java:62)
	at org.testng.internal.ConfigInvoker.invokeConfigurationMethod(ConfigInvoker.java:385)
	at org.testng.internal.ConfigInvoker.invokeConfigurations(ConfigInvoker.java:321)
	at org.testng.internal.TestMethodWorker.invokeBeforeClassMethods(TestMethodWorker.java:176)
	at org.testng.internal.TestMethodWorker.run(TestMethodWorker.java:122)
	at java.base/java.util.ArrayList.forEach(ArrayList.java:1511)
	at org.testng.TestRunner.privateRun(TestRunner.java:794)
	at org.testng.TestRunner.run(TestRunner.java:596)
	at org.testng.SuiteRunner.runTest(SuiteRunner.java:377)
	at org.testng.SuiteRunner.access$000(SuiteRunner.java:28)
	at org.testng.SuiteRunner$SuiteWorker.run(SuiteRunner.java:418)
	at org.testng.internal.thread.ThreadUtil.lambda$execute$0(ThreadUtil.java:64)
	at java.base/java.util.concurrent.FutureTask.run(FutureTask.java:264)
	at java.base/java.util.concurrent.ThreadPoolExecutor.runWorker(ThreadPoolExecutor.java:1136)
	at java.base/java.util.concurrent.ThreadPoolExecutor$Worker.run(ThreadPoolExecutor.java:635)
	at java.base/java.lang.Thread.run(Thread.java:833)
Caused by: org.openqa.selenium.WebDriverException: Command failed with code: 65, executed: [--browser, safari, --language-binding, java, --output, json]
safaridriver not available for download
Build info: version: &apos;4.19.1&apos;, revision: &apos;abe0ee07dc&apos;
System info: os.name: &apos;Windows 10&apos;, os.arch: &apos;amd64&apos;, os.version: &apos;10.0&apos;, java.version: &apos;17.0.1&apos;
Driver info: driver.version: SafariDriver
	at org.openqa.selenium.manager.SeleniumManager.runCommand(SeleniumManager.java:159)
	at org.openqa.selenium.manager.SeleniumManager.getDriverPath(SeleniumManager.java:303)
	at org.openqa.selenium.remote.service.DriverFinder.getPath(DriverFinder.java:45)
	... 28 more
</pre></div></td>
<td>0</td>
<td>com.guru99Bank.testCases.LoginTest_TC001@272113c4</td></tr>
</table><p>
<table width='100%' border='1' class='invocation-skipped'>
<tr><td colspan='4' align='center'><b>SKIPPED CONFIGURATIONS</b></td></tr>
<tr><td><b>Test method</b></td>
<td width="30%"><b>Exception</b></td>
<td width="10%"><b>Time (seconds)</b></td>
<td><b>Instance</b></td>
</tr>
<tr>
<td title='com.guru99Bank.testCases.LoginTest_TC002DDT.tearDown()'><b>tearDown</b><br>Test class: com.guru99Bank.testCases.LoginTest_TC002DDT</td>
<td></td>
<td>-1713025895</td>
<td>com.guru99Bank.testCases.LoginTest_TC002DDT@2d52216b</td></tr>
<tr>
<td title='com.guru99Bank.testCases.LoginTest_TC001.tearDown()'><b>tearDown</b><br>Test class: com.guru99Bank.testCases.LoginTest_TC001</td>
<td></td>
<td>-1713025894</td>
<td>com.guru99Bank.testCases.LoginTest_TC001@272113c4</td></tr>
</table><p>
<table width='100%' border='1' class='invocation-skipped'>
<tr><td colspan='4' align='center'><b>SKIPPED TESTS</b></td></tr>
<tr><td><b>Test method</b></td>
<td width="30%"><b>Exception</b></td>
<td width="10%"><b>Time (seconds)</b></td>
<td><b>Instance</b></td>
</tr>
<tr>
<td title='com.guru99Bank.testCases.LoginTest_TC001.loginTest()'><b>loginTest</b><br>Test class: com.guru99Bank.testCases.LoginTest_TC001</td>
<td><div><pre>org.openqa.selenium.remote.NoSuchDriverException: Unable to obtain: Capabilities {browserName: safari}, error Command failed with code: 65, executed: [--browser, safari, --language-binding, java, --output, json]
safaridriver not available for download
Build info: version: &apos;4.19.1&apos;, revision: &apos;abe0ee07dc&apos;
System info: os.name: &apos;Windows 10&apos;, os.arch: &apos;amd64&apos;, os.version: &apos;10.0&apos;, java.version: &apos;17.0.1&apos;
Driver info: driver.version: SafariDriver
	at org.openqa.selenium.remote.service.DriverFinder.getPath(DriverFinder.java:48)
	at org.openqa.selenium.remote.service.DriverFinder.getPath(DriverFinder.java:33)
	at org.openqa.selenium.safari.SafariDriver.generateExecutor(SafariDriver.java:95)
	at org.openqa.selenium.safari.SafariDriver.&lt;init&gt;(SafariDriver.java:84)
	at org.openqa.selenium.safari.SafariDriver.&lt;init&gt;(SafariDriver.java:80)
	at org.openqa.selenium.safari.SafariDriver.&lt;init&gt;(SafariDriver.java:57)
	at org.openqa.selenium.safari.SafariDriver.&lt;init&gt;(SafariDriver.java:48)
	at com.guru99Bank.testCases.BaseClass.setUp(BaseClass.java:56)
	at java.base/java.util.ArrayList.forEach(ArrayList.java:1511)
	at java.base/java.util.concurrent.FutureTask.run(FutureTask.java:264)
	at java.base/java.util.concurrent.ThreadPoolExecutor.runWorker(ThreadPoolExecutor.java:1136)
	at java.base/java.util.concurrent.ThreadPoolExecutor$Worker.run(ThreadPoolExecutor.java:635)
	at java.base/java.lang.Thread.run(Thread.java:833)
Caused by: org.openqa.selenium.WebDriverException: Command failed with code: 65, executed: [--browser, safari, --language-binding, java, --output, json]
safaridriver not available for download
Build info: version: &apos;4.19.1&apos;, revision: &apos;abe0ee07dc&apos;
System info: os.name: &apos;Windows 10&apos;, os.arch: &apos;amd64&apos;, os.version: &apos;10.0&apos;, java.version: &apos;17.0.1&apos;
Driver info: driver.version: SafariDriver
	at org.openqa.selenium.manager.SeleniumManager.runCommand(SeleniumManager.java:159)
	at org.openqa.selenium.manager.SeleniumManager.getDriverPath(SeleniumManager.java:303)
	at org.openqa.selenium.remote.service.DriverFinder.getPath(DriverFinder.java:45)
	... 28 more
... Removed 16 stack frames</pre></div><a href='#' onClick='toggleBox("stack-trace701526771", this, "Click to show all stack frames", "Click to hide stack frames")'>Click to show all stack frames</a>
<div class='stack-trace' id='stack-trace701526771'><pre>org.openqa.selenium.remote.NoSuchDriverException: Unable to obtain: Capabilities {browserName: safari}, error Command failed with code: 65, executed: [--browser, safari, --language-binding, java, --output, json]
safaridriver not available for download
Build info: version: &apos;4.19.1&apos;, revision: &apos;abe0ee07dc&apos;
System info: os.name: &apos;Windows 10&apos;, os.arch: &apos;amd64&apos;, os.version: &apos;10.0&apos;, java.version: &apos;17.0.1&apos;
Driver info: driver.version: SafariDriver
	at org.openqa.selenium.remote.service.DriverFinder.getPath(DriverFinder.java:48)
	at org.openqa.selenium.remote.service.DriverFinder.getPath(DriverFinder.java:33)
	at org.openqa.selenium.safari.SafariDriver.generateExecutor(SafariDriver.java:95)
	at org.openqa.selenium.safari.SafariDriver.&lt;init&gt;(SafariDriver.java:84)
	at org.openqa.selenium.safari.SafariDriver.&lt;init&gt;(SafariDriver.java:80)
	at org.openqa.selenium.safari.SafariDriver.&lt;init&gt;(SafariDriver.java:57)
	at org.openqa.selenium.safari.SafariDriver.&lt;init&gt;(SafariDriver.java:48)
	at com.guru99Bank.testCases.BaseClass.setUp(BaseClass.java:56)
	at java.base/jdk.internal.reflect.NativeMethodAccessorImpl.invoke0(Native Method)
	at java.base/jdk.internal.reflect.NativeMethodAccessorImpl.invoke(NativeMethodAccessorImpl.java:77)
	at java.base/jdk.internal.reflect.DelegatingMethodAccessorImpl.invoke(DelegatingMethodAccessorImpl.java:43)
	at java.base/java.lang.reflect.Method.invoke(Method.java:568)
	at org.testng.internal.MethodInvocationHelper.invokeMethod(MethodInvocationHelper.java:133)
	at org.testng.internal.MethodInvocationHelper.invokeMethodConsideringTimeout(MethodInvocationHelper.java:62)
	at org.testng.internal.ConfigInvoker.invokeConfigurationMethod(ConfigInvoker.java:385)
	at org.testng.internal.ConfigInvoker.invokeConfigurations(ConfigInvoker.java:321)
	at org.testng.internal.TestMethodWorker.invokeBeforeClassMethods(TestMethodWorker.java:176)
	at org.testng.internal.TestMethodWorker.run(TestMethodWorker.java:122)
	at java.base/java.util.ArrayList.forEach(ArrayList.java:1511)
	at org.testng.TestRunner.privateRun(TestRunner.java:794)
	at org.testng.TestRunner.run(TestRunner.java:596)
	at org.testng.SuiteRunner.runTest(SuiteRunner.java:377)
	at org.testng.SuiteRunner.access$000(SuiteRunner.java:28)
	at org.testng.SuiteRunner$SuiteWorker.run(SuiteRunner.java:418)
	at org.testng.internal.thread.ThreadUtil.lambda$execute$0(ThreadUtil.java:64)
	at java.base/java.util.concurrent.FutureTask.run(FutureTask.java:264)
	at java.base/java.util.concurrent.ThreadPoolExecutor.runWorker(ThreadPoolExecutor.java:1136)
	at java.base/java.util.concurrent.ThreadPoolExecutor$Worker.run(ThreadPoolExecutor.java:635)
	at java.base/java.lang.Thread.run(Thread.java:833)
Caused by: org.openqa.selenium.WebDriverException: Command failed with code: 65, executed: [--browser, safari, --language-binding, java, --output, json]
safaridriver not available for download
Build info: version: &apos;4.19.1&apos;, revision: &apos;abe0ee07dc&apos;
System info: os.name: &apos;Windows 10&apos;, os.arch: &apos;amd64&apos;, os.version: &apos;10.0&apos;, java.version: &apos;17.0.1&apos;
Driver info: driver.version: SafariDriver
	at org.openqa.selenium.manager.SeleniumManager.runCommand(SeleniumManager.java:159)
	at org.openqa.selenium.manager.SeleniumManager.getDriverPath(SeleniumManager.java:303)
	at org.openqa.selenium.remote.service.DriverFinder.getPath(DriverFinder.java:45)
	... 28 more
</pre></div></td>
<td>0</td>
<td>com.guru99Bank.testCases.LoginTest_TC001@272113c4</td></tr>
<tr>
<td title='com.guru99Bank.testCases.LoginTest_TC002DDT.loginTestDDT()'><b>loginTestDDT</b><br>Test class: com.guru99Bank.testCases.LoginTest_TC002DDT<br>Parameters: mngr564869, dYrezYh</td>
<td><div><pre>org.openqa.selenium.remote.NoSuchDriverException: Unable to obtain: Capabilities {browserName: safari}, error Command failed with code: 65, executed: [--browser, safari, --language-binding, java, --output, json]
safaridriver not available for download
Build info: version: &apos;4.19.1&apos;, revision: &apos;abe0ee07dc&apos;
System info: os.name: &apos;Windows 10&apos;, os.arch: &apos;amd64&apos;, os.version: &apos;10.0&apos;, java.version: &apos;17.0.1&apos;
Driver info: driver.version: SafariDriver
	at org.openqa.selenium.remote.service.DriverFinder.getPath(DriverFinder.java:48)
	at org.openqa.selenium.remote.service.DriverFinder.getPath(DriverFinder.java:33)
	at org.openqa.selenium.safari.SafariDriver.generateExecutor(SafariDriver.java:95)
	at org.openqa.selenium.safari.SafariDriver.&lt;init&gt;(SafariDriver.java:84)
	at org.openqa.selenium.safari.SafariDriver.&lt;init&gt;(SafariDriver.java:80)
	at org.openqa.selenium.safari.SafariDriver.&lt;init&gt;(SafariDriver.java:57)
	at org.openqa.selenium.safari.SafariDriver.&lt;init&gt;(SafariDriver.java:48)
	at com.guru99Bank.testCases.BaseClass.setUp(BaseClass.java:56)
	at java.base/java.util.ArrayList.forEach(ArrayList.java:1511)
	at java.base/java.util.concurrent.FutureTask.run(FutureTask.java:264)
	at java.base/java.util.concurrent.ThreadPoolExecutor.runWorker(ThreadPoolExecutor.java:1136)
	at java.base/java.util.concurrent.ThreadPoolExecutor$Worker.run(ThreadPoolExecutor.java:635)
	at java.base/java.lang.Thread.run(Thread.java:833)
Caused by: org.openqa.selenium.WebDriverException: Command failed with code: 65, executed: [--browser, safari, --language-binding, java, --output, json]
safaridriver not available for download
Build info: version: &apos;4.19.1&apos;, revision: &apos;abe0ee07dc&apos;
System info: os.name: &apos;Windows 10&apos;, os.arch: &apos;amd64&apos;, os.version: &apos;10.0&apos;, java.version: &apos;17.0.1&apos;
Driver info: driver.version: SafariDriver
	at org.openqa.selenium.manager.SeleniumManager.runCommand(SeleniumManager.java:159)
	at org.openqa.selenium.manager.SeleniumManager.getDriverPath(SeleniumManager.java:303)
	at org.openqa.selenium.remote.service.DriverFinder.getPath(DriverFinder.java:45)
	... 28 more
... Removed 16 stack frames</pre></div><a href='#' onClick='toggleBox("stack-trace957308660", this, "Click to show all stack frames", "Click to hide stack frames")'>Click to show all stack frames</a>
<div class='stack-trace' id='stack-trace957308660'><pre>org.openqa.selenium.remote.NoSuchDriverException: Unable to obtain: Capabilities {browserName: safari}, error Command failed with code: 65, executed: [--browser, safari, --language-binding, java, --output, json]
safaridriver not available for download
Build info: version: &apos;4.19.1&apos;, revision: &apos;abe0ee07dc&apos;
System info: os.name: &apos;Windows 10&apos;, os.arch: &apos;amd64&apos;, os.version: &apos;10.0&apos;, java.version: &apos;17.0.1&apos;
Driver info: driver.version: SafariDriver
	at org.openqa.selenium.remote.service.DriverFinder.getPath(DriverFinder.java:48)
	at org.openqa.selenium.remote.service.DriverFinder.getPath(DriverFinder.java:33)
	at org.openqa.selenium.safari.SafariDriver.generateExecutor(SafariDriver.java:95)
	at org.openqa.selenium.safari.SafariDriver.&lt;init&gt;(SafariDriver.java:84)
	at org.openqa.selenium.safari.SafariDriver.&lt;init&gt;(SafariDriver.java:80)
	at org.openqa.selenium.safari.SafariDriver.&lt;init&gt;(SafariDriver.java:57)
	at org.openqa.selenium.safari.SafariDriver.&lt;init&gt;(SafariDriver.java:48)
	at com.guru99Bank.testCases.BaseClass.setUp(BaseClass.java:56)
	at java.base/jdk.internal.reflect.NativeMethodAccessorImpl.invoke0(Native Method)
	at java.base/jdk.internal.reflect.NativeMethodAccessorImpl.invoke(NativeMethodAccessorImpl.java:77)
	at java.base/jdk.internal.reflect.DelegatingMethodAccessorImpl.invoke(DelegatingMethodAccessorImpl.java:43)
	at java.base/java.lang.reflect.Method.invoke(Method.java:568)
	at org.testng.internal.MethodInvocationHelper.invokeMethod(MethodInvocationHelper.java:133)
	at org.testng.internal.MethodInvocationHelper.invokeMethodConsideringTimeout(MethodInvocationHelper.java:62)
	at org.testng.internal.ConfigInvoker.invokeConfigurationMethod(ConfigInvoker.java:385)
	at org.testng.internal.ConfigInvoker.invokeConfigurations(ConfigInvoker.java:321)
	at org.testng.internal.TestMethodWorker.invokeBeforeClassMethods(TestMethodWorker.java:176)
	at org.testng.internal.TestMethodWorker.run(TestMethodWorker.java:122)
	at java.base/java.util.ArrayList.forEach(ArrayList.java:1511)
	at org.testng.TestRunner.privateRun(TestRunner.java:794)
	at org.testng.TestRunner.run(TestRunner.java:596)
	at org.testng.SuiteRunner.runTest(SuiteRunner.java:377)
	at org.testng.SuiteRunner.access$000(SuiteRunner.java:28)
	at org.testng.SuiteRunner$SuiteWorker.run(SuiteRunner.java:418)
	at org.testng.internal.thread.ThreadUtil.lambda$execute$0(ThreadUtil.java:64)
	at java.base/java.util.concurrent.FutureTask.run(FutureTask.java:264)
	at java.base/java.util.concurrent.ThreadPoolExecutor.runWorker(ThreadPoolExecutor.java:1136)
	at java.base/java.util.concurrent.ThreadPoolExecutor$Worker.run(ThreadPoolExecutor.java:635)
	at java.base/java.lang.Thread.run(Thread.java:833)
Caused by: org.openqa.selenium.WebDriverException: Command failed with code: 65, executed: [--browser, safari, --language-binding, java, --output, json]
safaridriver not available for download
Build info: version: &apos;4.19.1&apos;, revision: &apos;abe0ee07dc&apos;
System info: os.name: &apos;Windows 10&apos;, os.arch: &apos;amd64&apos;, os.version: &apos;10.0&apos;, java.version: &apos;17.0.1&apos;
Driver info: driver.version: SafariDriver
	at org.openqa.selenium.manager.SeleniumManager.runCommand(SeleniumManager.java:159)
	at org.openqa.selenium.manager.SeleniumManager.getDriverPath(SeleniumManager.java:303)
	at org.openqa.selenium.remote.service.DriverFinder.getPath(DriverFinder.java:45)
	... 28 more
</pre></div></td>
<td>0</td>
<td>com.guru99Bank.testCases.LoginTest_TC002DDT@2d52216b</td></tr>
<tr>
<td title='com.guru99Bank.testCases.LoginTest_TC002DDT.loginTestDDT()'><b>loginTestDDT</b><br>Test class: com.guru99Bank.testCases.LoginTest_TC002DDT<br>Parameters: mngr137319, bAdYvyb</td>
<td><div><pre>org.openqa.selenium.remote.NoSuchDriverException: Unable to obtain: Capabilities {browserName: safari}, error Command failed with code: 65, executed: [--browser, safari, --language-binding, java, --output, json]
safaridriver not available for download
Build info: version: &apos;4.19.1&apos;, revision: &apos;abe0ee07dc&apos;
System info: os.name: &apos;Windows 10&apos;, os.arch: &apos;amd64&apos;, os.version: &apos;10.0&apos;, java.version: &apos;17.0.1&apos;
Driver info: driver.version: SafariDriver
	at org.openqa.selenium.remote.service.DriverFinder.getPath(DriverFinder.java:48)
	at org.openqa.selenium.remote.service.DriverFinder.getPath(DriverFinder.java:33)
	at org.openqa.selenium.safari.SafariDriver.generateExecutor(SafariDriver.java:95)
	at org.openqa.selenium.safari.SafariDriver.&lt;init&gt;(SafariDriver.java:84)
	at org.openqa.selenium.safari.SafariDriver.&lt;init&gt;(SafariDriver.java:80)
	at org.openqa.selenium.safari.SafariDriver.&lt;init&gt;(SafariDriver.java:57)
	at org.openqa.selenium.safari.SafariDriver.&lt;init&gt;(SafariDriver.java:48)
	at com.guru99Bank.testCases.BaseClass.setUp(BaseClass.java:56)
	at java.base/java.util.ArrayList.forEach(ArrayList.java:1511)
	at java.base/java.util.concurrent.FutureTask.run(FutureTask.java:264)
	at java.base/java.util.concurrent.ThreadPoolExecutor.runWorker(ThreadPoolExecutor.java:1136)
	at java.base/java.util.concurrent.ThreadPoolExecutor$Worker.run(ThreadPoolExecutor.java:635)
	at java.base/java.lang.Thread.run(Thread.java:833)
Caused by: org.openqa.selenium.WebDriverException: Command failed with code: 65, executed: [--browser, safari, --language-binding, java, --output, json]
safaridriver not available for download
Build info: version: &apos;4.19.1&apos;, revision: &apos;abe0ee07dc&apos;
System info: os.name: &apos;Windows 10&apos;, os.arch: &apos;amd64&apos;, os.version: &apos;10.0&apos;, java.version: &apos;17.0.1&apos;
Driver info: driver.version: SafariDriver
	at org.openqa.selenium.manager.SeleniumManager.runCommand(SeleniumManager.java:159)
	at org.openqa.selenium.manager.SeleniumManager.getDriverPath(SeleniumManager.java:303)
	at org.openqa.selenium.remote.service.DriverFinder.getPath(DriverFinder.java:45)
	... 28 more
... Removed 16 stack frames</pre></div><a href='#' onClick='toggleBox("stack-trace1784959160", this, "Click to show all stack frames", "Click to hide stack frames")'>Click to show all stack frames</a>
<div class='stack-trace' id='stack-trace1784959160'><pre>org.openqa.selenium.remote.NoSuchDriverException: Unable to obtain: Capabilities {browserName: safari}, error Command failed with code: 65, executed: [--browser, safari, --language-binding, java, --output, json]
safaridriver not available for download
Build info: version: &apos;4.19.1&apos;, revision: &apos;abe0ee07dc&apos;
System info: os.name: &apos;Windows 10&apos;, os.arch: &apos;amd64&apos;, os.version: &apos;10.0&apos;, java.version: &apos;17.0.1&apos;
Driver info: driver.version: SafariDriver
	at org.openqa.selenium.remote.service.DriverFinder.getPath(DriverFinder.java:48)
	at org.openqa.selenium.remote.service.DriverFinder.getPath(DriverFinder.java:33)
	at org.openqa.selenium.safari.SafariDriver.generateExecutor(SafariDriver.java:95)
	at org.openqa.selenium.safari.SafariDriver.&lt;init&gt;(SafariDriver.java:84)
	at org.openqa.selenium.safari.SafariDriver.&lt;init&gt;(SafariDriver.java:80)
	at org.openqa.selenium.safari.SafariDriver.&lt;init&gt;(SafariDriver.java:57)
	at org.openqa.selenium.safari.SafariDriver.&lt;init&gt;(SafariDriver.java:48)
	at com.guru99Bank.testCases.BaseClass.setUp(BaseClass.java:56)
	at java.base/jdk.internal.reflect.NativeMethodAccessorImpl.invoke0(Native Method)
	at java.base/jdk.internal.reflect.NativeMethodAccessorImpl.invoke(NativeMethodAccessorImpl.java:77)
	at java.base/jdk.internal.reflect.DelegatingMethodAccessorImpl.invoke(DelegatingMethodAccessorImpl.java:43)
	at java.base/java.lang.reflect.Method.invoke(Method.java:568)
	at org.testng.internal.MethodInvocationHelper.invokeMethod(MethodInvocationHelper.java:133)
	at org.testng.internal.MethodInvocationHelper.invokeMethodConsideringTimeout(MethodInvocationHelper.java:62)
	at org.testng.internal.ConfigInvoker.invokeConfigurationMethod(ConfigInvoker.java:385)
	at org.testng.internal.ConfigInvoker.invokeConfigurations(ConfigInvoker.java:321)
	at org.testng.internal.TestMethodWorker.invokeBeforeClassMethods(TestMethodWorker.java:176)
	at org.testng.internal.TestMethodWorker.run(TestMethodWorker.java:122)
	at java.base/java.util.ArrayList.forEach(ArrayList.java:1511)
	at org.testng.TestRunner.privateRun(TestRunner.java:794)
	at org.testng.TestRunner.run(TestRunner.java:596)
	at org.testng.SuiteRunner.runTest(SuiteRunner.java:377)
	at org.testng.SuiteRunner.access$000(SuiteRunner.java:28)
	at org.testng.SuiteRunner$SuiteWorker.run(SuiteRunner.java:418)
	at org.testng.internal.thread.ThreadUtil.lambda$execute$0(ThreadUtil.java:64)
	at java.base/java.util.concurrent.FutureTask.run(FutureTask.java:264)
	at java.base/java.util.concurrent.ThreadPoolExecutor.runWorker(ThreadPoolExecutor.java:1136)
	at java.base/java.util.concurrent.ThreadPoolExecutor$Worker.run(ThreadPoolExecutor.java:635)
	at java.base/java.lang.Thread.run(Thread.java:833)
Caused by: org.openqa.selenium.WebDriverException: Command failed with code: 65, executed: [--browser, safari, --language-binding, java, --output, json]
safaridriver not available for download
Build info: version: &apos;4.19.1&apos;, revision: &apos;abe0ee07dc&apos;
System info: os.name: &apos;Windows 10&apos;, os.arch: &apos;amd64&apos;, os.version: &apos;10.0&apos;, java.version: &apos;17.0.1&apos;
Driver info: driver.version: SafariDriver
	at org.openqa.selenium.manager.SeleniumManager.runCommand(SeleniumManager.java:159)
	at org.openqa.selenium.manager.SeleniumManager.getDriverPath(SeleniumManager.java:303)
	at org.openqa.selenium.remote.service.DriverFinder.getPath(DriverFinder.java:45)
	... 28 more
</pre></div></td>
<td>0</td>
<td>com.guru99Bank.testCases.LoginTest_TC002DDT@2d52216b</td></tr>
<tr>
<td title='com.guru99Bank.testCases.LoginTest_TC002DDT.loginTestDDT()'><b>loginTestDDT</b><br>Test class: com.guru99Bank.testCases.LoginTest_TC002DDT<br>Parameters: mngr112909, tytUreg</td>
<td><div><pre>org.openqa.selenium.remote.NoSuchDriverException: Unable to obtain: Capabilities {browserName: safari}, error Command failed with code: 65, executed: [--browser, safari, --language-binding, java, --output, json]
safaridriver not available for download
Build info: version: &apos;4.19.1&apos;, revision: &apos;abe0ee07dc&apos;
System info: os.name: &apos;Windows 10&apos;, os.arch: &apos;amd64&apos;, os.version: &apos;10.0&apos;, java.version: &apos;17.0.1&apos;
Driver info: driver.version: SafariDriver
	at org.openqa.selenium.remote.service.DriverFinder.getPath(DriverFinder.java:48)
	at org.openqa.selenium.remote.service.DriverFinder.getPath(DriverFinder.java:33)
	at org.openqa.selenium.safari.SafariDriver.generateExecutor(SafariDriver.java:95)
	at org.openqa.selenium.safari.SafariDriver.&lt;init&gt;(SafariDriver.java:84)
	at org.openqa.selenium.safari.SafariDriver.&lt;init&gt;(SafariDriver.java:80)
	at org.openqa.selenium.safari.SafariDriver.&lt;init&gt;(SafariDriver.java:57)
	at org.openqa.selenium.safari.SafariDriver.&lt;init&gt;(SafariDriver.java:48)
	at com.guru99Bank.testCases.BaseClass.setUp(BaseClass.java:56)
	at java.base/java.util.ArrayList.forEach(ArrayList.java:1511)
	at java.base/java.util.concurrent.FutureTask.run(FutureTask.java:264)
	at java.base/java.util.concurrent.ThreadPoolExecutor.runWorker(ThreadPoolExecutor.java:1136)
	at java.base/java.util.concurrent.ThreadPoolExecutor$Worker.run(ThreadPoolExecutor.java:635)
	at java.base/java.lang.Thread.run(Thread.java:833)
Caused by: org.openqa.selenium.WebDriverException: Command failed with code: 65, executed: [--browser, safari, --language-binding, java, --output, json]
safaridriver not available for download
Build info: version: &apos;4.19.1&apos;, revision: &apos;abe0ee07dc&apos;
System info: os.name: &apos;Windows 10&apos;, os.arch: &apos;amd64&apos;, os.version: &apos;10.0&apos;, java.version: &apos;17.0.1&apos;
Driver info: driver.version: SafariDriver
	at org.openqa.selenium.manager.SeleniumManager.runCommand(SeleniumManager.java:159)
	at org.openqa.selenium.manager.SeleniumManager.getDriverPath(SeleniumManager.java:303)
	at org.openqa.selenium.remote.service.DriverFinder.getPath(DriverFinder.java:45)
	... 28 more
... Removed 16 stack frames</pre></div><a href='#' onClick='toggleBox("stack-trace595312933", this, "Click to show all stack frames", "Click to hide stack frames")'>Click to show all stack frames</a>
<div class='stack-trace' id='stack-trace595312933'><pre>org.openqa.selenium.remote.NoSuchDriverException: Unable to obtain: Capabilities {browserName: safari}, error Command failed with code: 65, executed: [--browser, safari, --language-binding, java, --output, json]
safaridriver not available for download
Build info: version: &apos;4.19.1&apos;, revision: &apos;abe0ee07dc&apos;
System info: os.name: &apos;Windows 10&apos;, os.arch: &apos;amd64&apos;, os.version: &apos;10.0&apos;, java.version: &apos;17.0.1&apos;
Driver info: driver.version: SafariDriver
	at org.openqa.selenium.remote.service.DriverFinder.getPath(DriverFinder.java:48)
	at org.openqa.selenium.remote.service.DriverFinder.getPath(DriverFinder.java:33)
	at org.openqa.selenium.safari.SafariDriver.generateExecutor(SafariDriver.java:95)
	at org.openqa.selenium.safari.SafariDriver.&lt;init&gt;(SafariDriver.java:84)
	at org.openqa.selenium.safari.SafariDriver.&lt;init&gt;(SafariDriver.java:80)
	at org.openqa.selenium.safari.SafariDriver.&lt;init&gt;(SafariDriver.java:57)
	at org.openqa.selenium.safari.SafariDriver.&lt;init&gt;(SafariDriver.java:48)
	at com.guru99Bank.testCases.BaseClass.setUp(BaseClass.java:56)
	at java.base/jdk.internal.reflect.NativeMethodAccessorImpl.invoke0(Native Method)
	at java.base/jdk.internal.reflect.NativeMethodAccessorImpl.invoke(NativeMethodAccessorImpl.java:77)
	at java.base/jdk.internal.reflect.DelegatingMethodAccessorImpl.invoke(DelegatingMethodAccessorImpl.java:43)
	at java.base/java.lang.reflect.Method.invoke(Method.java:568)
	at org.testng.internal.MethodInvocationHelper.invokeMethod(MethodInvocationHelper.java:133)
	at org.testng.internal.MethodInvocationHelper.invokeMethodConsideringTimeout(MethodInvocationHelper.java:62)
	at org.testng.internal.ConfigInvoker.invokeConfigurationMethod(ConfigInvoker.java:385)
	at org.testng.internal.ConfigInvoker.invokeConfigurations(ConfigInvoker.java:321)
	at org.testng.internal.TestMethodWorker.invokeBeforeClassMethods(TestMethodWorker.java:176)
	at org.testng.internal.TestMethodWorker.run(TestMethodWorker.java:122)
	at java.base/java.util.ArrayList.forEach(ArrayList.java:1511)
	at org.testng.TestRunner.privateRun(TestRunner.java:794)
	at org.testng.TestRunner.run(TestRunner.java:596)
	at org.testng.SuiteRunner.runTest(SuiteRunner.java:377)
	at org.testng.SuiteRunner.access$000(SuiteRunner.java:28)
	at org.testng.SuiteRunner$SuiteWorker.run(SuiteRunner.java:418)
	at org.testng.internal.thread.ThreadUtil.lambda$execute$0(ThreadUtil.java:64)
	at java.base/java.util.concurrent.FutureTask.run(FutureTask.java:264)
	at java.base/java.util.concurrent.ThreadPoolExecutor.runWorker(ThreadPoolExecutor.java:1136)
	at java.base/java.util.concurrent.ThreadPoolExecutor$Worker.run(ThreadPoolExecutor.java:635)
	at java.base/java.lang.Thread.run(Thread.java:833)
Caused by: org.openqa.selenium.WebDriverException: Command failed with code: 65, executed: [--browser, safari, --language-binding, java, --output, json]
safaridriver not available for download
Build info: version: &apos;4.19.1&apos;, revision: &apos;abe0ee07dc&apos;
System info: os.name: &apos;Windows 10&apos;, os.arch: &apos;amd64&apos;, os.version: &apos;10.0&apos;, java.version: &apos;17.0.1&apos;
Driver info: driver.version: SafariDriver
	at org.openqa.selenium.manager.SeleniumManager.runCommand(SeleniumManager.java:159)
	at org.openqa.selenium.manager.SeleniumManager.getDriverPath(SeleniumManager.java:303)
	at org.openqa.selenium.remote.service.DriverFinder.getPath(DriverFinder.java:45)
	... 28 more
</pre></div></td>
<td>0</td>
<td>com.guru99Bank.testCases.LoginTest_TC002DDT@2d52216b</td></tr>
<tr>
<td title='com.guru99Bank.testCases.LoginTest_TC002DDT.loginTestDDT()'><b>loginTestDDT</b><br>Test class: com.guru99Bank.testCases.LoginTest_TC002DDT<br>Parameters: mngr164225, jahetAp</td>
<td><div><pre>org.openqa.selenium.remote.NoSuchDriverException: Unable to obtain: Capabilities {browserName: safari}, error Command failed with code: 65, executed: [--browser, safari, --language-binding, java, --output, json]
safaridriver not available for download
Build info: version: &apos;4.19.1&apos;, revision: &apos;abe0ee07dc&apos;
System info: os.name: &apos;Windows 10&apos;, os.arch: &apos;amd64&apos;, os.version: &apos;10.0&apos;, java.version: &apos;17.0.1&apos;
Driver info: driver.version: SafariDriver
	at org.openqa.selenium.remote.service.DriverFinder.getPath(DriverFinder.java:48)
	at org.openqa.selenium.remote.service.DriverFinder.getPath(DriverFinder.java:33)
	at org.openqa.selenium.safari.SafariDriver.generateExecutor(SafariDriver.java:95)
	at org.openqa.selenium.safari.SafariDriver.&lt;init&gt;(SafariDriver.java:84)
	at org.openqa.selenium.safari.SafariDriver.&lt;init&gt;(SafariDriver.java:80)
	at org.openqa.selenium.safari.SafariDriver.&lt;init&gt;(SafariDriver.java:57)
	at org.openqa.selenium.safari.SafariDriver.&lt;init&gt;(SafariDriver.java:48)
	at com.guru99Bank.testCases.BaseClass.setUp(BaseClass.java:56)
	at java.base/java.util.ArrayList.forEach(ArrayList.java:1511)
	at java.base/java.util.concurrent.FutureTask.run(FutureTask.java:264)
	at java.base/java.util.concurrent.ThreadPoolExecutor.runWorker(ThreadPoolExecutor.java:1136)
	at java.base/java.util.concurrent.ThreadPoolExecutor$Worker.run(ThreadPoolExecutor.java:635)
	at java.base/java.lang.Thread.run(Thread.java:833)
Caused by: org.openqa.selenium.WebDriverException: Command failed with code: 65, executed: [--browser, safari, --language-binding, java, --output, json]
safaridriver not available for download
Build info: version: &apos;4.19.1&apos;, revision: &apos;abe0ee07dc&apos;
System info: os.name: &apos;Windows 10&apos;, os.arch: &apos;amd64&apos;, os.version: &apos;10.0&apos;, java.version: &apos;17.0.1&apos;
Driver info: driver.version: SafariDriver
	at org.openqa.selenium.manager.SeleniumManager.runCommand(SeleniumManager.java:159)
	at org.openqa.selenium.manager.SeleniumManager.getDriverPath(SeleniumManager.java:303)
	at org.openqa.selenium.remote.service.DriverFinder.getPath(DriverFinder.java:45)
	... 28 more
... Removed 16 stack frames</pre></div><a href='#' onClick='toggleBox("stack-trace1970116802", this, "Click to show all stack frames", "Click to hide stack frames")'>Click to show all stack frames</a>
<div class='stack-trace' id='stack-trace1970116802'><pre>org.openqa.selenium.remote.NoSuchDriverException: Unable to obtain: Capabilities {browserName: safari}, error Command failed with code: 65, executed: [--browser, safari, --language-binding, java, --output, json]
safaridriver not available for download
Build info: version: &apos;4.19.1&apos;, revision: &apos;abe0ee07dc&apos;
System info: os.name: &apos;Windows 10&apos;, os.arch: &apos;amd64&apos;, os.version: &apos;10.0&apos;, java.version: &apos;17.0.1&apos;
Driver info: driver.version: SafariDriver
	at org.openqa.selenium.remote.service.DriverFinder.getPath(DriverFinder.java:48)
	at org.openqa.selenium.remote.service.DriverFinder.getPath(DriverFinder.java:33)
	at org.openqa.selenium.safari.SafariDriver.generateExecutor(SafariDriver.java:95)
	at org.openqa.selenium.safari.SafariDriver.&lt;init&gt;(SafariDriver.java:84)
	at org.openqa.selenium.safari.SafariDriver.&lt;init&gt;(SafariDriver.java:80)
	at org.openqa.selenium.safari.SafariDriver.&lt;init&gt;(SafariDriver.java:57)
	at org.openqa.selenium.safari.SafariDriver.&lt;init&gt;(SafariDriver.java:48)
	at com.guru99Bank.testCases.BaseClass.setUp(BaseClass.java:56)
	at java.base/jdk.internal.reflect.NativeMethodAccessorImpl.invoke0(Native Method)
	at java.base/jdk.internal.reflect.NativeMethodAccessorImpl.invoke(NativeMethodAccessorImpl.java:77)
	at java.base/jdk.internal.reflect.DelegatingMethodAccessorImpl.invoke(DelegatingMethodAccessorImpl.java:43)
	at java.base/java.lang.reflect.Method.invoke(Method.java:568)
	at org.testng.internal.MethodInvocationHelper.invokeMethod(MethodInvocationHelper.java:133)
	at org.testng.internal.MethodInvocationHelper.invokeMethodConsideringTimeout(MethodInvocationHelper.java:62)
	at org.testng.internal.ConfigInvoker.invokeConfigurationMethod(ConfigInvoker.java:385)
	at org.testng.internal.ConfigInvoker.invokeConfigurations(ConfigInvoker.java:321)
	at org.testng.internal.TestMethodWorker.invokeBeforeClassMethods(TestMethodWorker.java:176)
	at org.testng.internal.TestMethodWorker.run(TestMethodWorker.java:122)
	at java.base/java.util.ArrayList.forEach(ArrayList.java:1511)
	at org.testng.TestRunner.privateRun(TestRunner.java:794)
	at org.testng.TestRunner.run(TestRunner.java:596)
	at org.testng.SuiteRunner.runTest(SuiteRunner.java:377)
	at org.testng.SuiteRunner.access$000(SuiteRunner.java:28)
	at org.testng.SuiteRunner$SuiteWorker.run(SuiteRunner.java:418)
	at org.testng.internal.thread.ThreadUtil.lambda$execute$0(ThreadUtil.java:64)
	at java.base/java.util.concurrent.FutureTask.run(FutureTask.java:264)
	at java.base/java.util.concurrent.ThreadPoolExecutor.runWorker(ThreadPoolExecutor.java:1136)
	at java.base/java.util.concurrent.ThreadPoolExecutor$Worker.run(ThreadPoolExecutor.java:635)
	at java.base/java.lang.Thread.run(Thread.java:833)
Caused by: org.openqa.selenium.WebDriverException: Command failed with code: 65, executed: [--browser, safari, --language-binding, java, --output, json]
safaridriver not available for download
Build info: version: &apos;4.19.1&apos;, revision: &apos;abe0ee07dc&apos;
System info: os.name: &apos;Windows 10&apos;, os.arch: &apos;amd64&apos;, os.version: &apos;10.0&apos;, java.version: &apos;17.0.1&apos;
Driver info: driver.version: SafariDriver
	at org.openqa.selenium.manager.SeleniumManager.runCommand(SeleniumManager.java:159)
	at org.openqa.selenium.manager.SeleniumManager.getDriverPath(SeleniumManager.java:303)
	at org.openqa.selenium.remote.service.DriverFinder.getPath(DriverFinder.java:45)
	... 28 more
</pre></div></td>
<td>0</td>
<td>com.guru99Bank.testCases.LoginTest_TC002DDT@2d52216b</td></tr>
</table><p>
</body>
</html>