<?xml version="1.0" encoding="UTF-8"?>
<!-- Generated by org.testng.reporters.JUnitXMLReporter -->
<testsuite ignored="0" hostname="VST" failures="3" tests="5" name="BankingApp Test" time="39.123" errors="0" timestamp="2024-04-13T20:10:46 IST">
  <testcase classname="com.guru99Bank.testCases.LoginTest_TC001" name="loginTest" time="1.593"/>
  <testcase classname="com.guru99Bank.testCases.LoginTest_TC002DDT" name="loginTestDDT" time="5.631">
    <failure type="java.lang.AssertionError" message="expected [true] but found [false]">
      <![CDATA[java.lang.AssertionError: expected [true] but found [false]
at com.guru99Bank.testCases.LoginTest_TC002DDT.loginTestDDT(LoginTest_TC002DDT.java:32)
at java.base/java.util.ArrayList.forEach(ArrayList.java:1511)
... Removed 31 stack frames]]>
    </failure>
  </testcase> <!-- loginTestDDT -->
  <testcase classname="com.guru99Bank.testCases.LoginTest_TC002DDT" name="loginTestDDT" time="5.192">
    <failure type="java.lang.AssertionError" message="expected [true] but found [false]">
      <![CDATA[java.lang.AssertionError: expected [true] but found [false]
at com.guru99Bank.testCases.LoginTest_TC002DDT.loginTestDDT(LoginTest_TC002DDT.java:32)
at java.base/java.util.ArrayList.forEach(ArrayList.java:1511)
... Removed 31 stack frames]]>
    </failure>
  </testcase> <!-- loginTestDDT -->
  <testcase classname="com.guru99Bank.testCases.LoginTest_TC002DDT" name="loginTestDDT" time="9.956"/>
  <testcase classname="com.guru99Bank.testCases.LoginTest_TC002DDT" name="loginTestDDT" time="5.263">
    <failure type="java.lang.AssertionError" message="expected [true] but found [false]">
      <![CDATA[java.lang.AssertionError: expected [true] but found [false]
at com.guru99Bank.testCases.LoginTest_TC002DDT.loginTestDDT(LoginTest_TC002DDT.java:32)
at java.base/java.util.ArrayList.forEach(ArrayList.java:1511)
... Removed 31 stack frames]]>
    </failure>
  </testcase> <!-- loginTestDDT -->
</testsuite> <!-- BankingApp Test -->
